# JRE version: OpenJDK Runtime Environment 18.9 (11.0.11+9) (build 11.0.11+9)
# Java VM: OpenJDK 64-Bit Server VM 18.9 (11.0.11+9, mixed mode, tiered, compressed oops, g1 gc, windows-amd64)
Heap:
 garbage-first heap   total 262144K, used 91304K [0x0000000740000000, 0x0000000800000000)
  region size 1024K, 37 young (37888K), 0 survivors (0K)
 Metaspace       used 77523K, capacity 78216K, committed 81016K, reserved 1120256K
  class space    used 9454K, capacity 9736K, committed 10700K, reserved 1048576K
GC Heap History (20 events):
Event: 164888.425 GC heap before
{Heap before GC invocations=765 (full 92):
 garbage-first heap   total 262144K, used 115784K [0x0000000740000000, 0x0000000800000000)
  region size 1024K, 60 young (61440K), 1 survivors (1024K)
 Metaspace       used 77523K, capacity 78216K, committed 81016K, reserved 1120256K
  class space    used 9454K, capacity 9736K, committed 10700K, reserved 1048576K
}
Event: 164888.426 GC heap after
{Heap after GC invocations=766 (full 92):
 garbage-first heap   total 262144K, used 55436K [0x0000000740000000, 0x0000000800000000)
  region size 1024K, 1 young (1024K), 1 survivors (1024K)
 Metaspace       used 77523K, capacity 78216K, committed 81016K, reserved 1120256K
  class space    used 9454K, capacity 9736K, committed 10700K, reserved 1048576K
}
Event: 165234.765 GC heap before
{Heap before GC invocations=766 (full 92):
 garbage-first heap   total 262144K, used 115852K [0x0000000740000000, 0x0000000800000000)
  region size 1024K, 60 young (61440K), 1 survivors (1024K)
 Metaspace       used 77523K, capacity 78216K, committed 81016K, reserved 1120256K
  class space    used 9454K, capacity 9736K, committed 10700K, reserved 1048576K
}
Event: 165234.767 GC heap after
{Heap after GC invocations=767 (full 92):
 garbage-first heap   total 262144K, used 55462K [0x0000000740000000, 0x0000000800000000)
  region size 1024K, 1 young (1024K), 1 survivors (1024K)
 Metaspace       used 77523K, capacity 78216K, committed 81016K, reserved 1120256K
  class space    used 9454K, capacity 9736K, committed 10700K, reserved 1048576K
}
Event: 165579.138 GC heap before
{Heap before GC invocations=767 (full 92):
 garbage-first heap   total 262144K, used 115878K [0x0000000740000000, 0x0000000800000000)
  region size 1024K, 60 young (61440K), 1 survivors (1024K)
 Metaspace       used 77523K, capacity 78216K, committed 81016K, reserved 1120256K
  class space    used 9454K, capacity 9736K, committed 10700K, reserved 1048576K
}
Event: 165579.140 GC heap after
{Heap after GC invocations=768 (full 92):
 garbage-first heap   total 262144K, used 55458K [0x0000000740000000, 0x0000000800000000)
  region size 1024K, 1 young (1024K), 1 survivors (1024K)
 Metaspace       used 77523K, capacity 78216K, committed 81016K, reserved 1120256K
  class space    used 9454K, capacity 9736K, committed 10700K, reserved 1048576K
}
Event: 165645.728 GC heap before
{Heap before GC invocations=768 (full 92):
 garbage-first heap   total 262144K, used 66722K [0x0000000740000000, 0x0000000800000000)
  region size 1024K, 13 young (13312K), 1 survivors (1024K)
 Metaspace       used 77523K, capacity 78216K, committed 81016K, reserved 1120256K
  class space    used 9454K, capacity 9736K, committed 10700K, reserved 1048576K
}
Event: 165645.763 GC heap after
{Heap after GC invocations=769 (full 93):
 garbage-first heap   total 262144K, used 54453K [0x0000000740000000, 0x0000000800000000)
  region size 1024K, 0 young (0K), 0 survivors (0K)
 Metaspace       used 77523K, capacity 78216K, committed 81016K, reserved 1120256K
  class space    used 9454K, capacity 9736K, committed 10700K, reserved 1048576K
}
Event: 165995.159 GC heap before
{Heap before GC invocations=769 (full 93):
 garbage-first heap   total 262144K, used 115893K [0x0000000740000000, 0x0000000800000000)
  region size 1024K, 60 young (61440K), 0 survivors (0K)
 Metaspace       used 77523K, capacity 78216K, committed 81016K, reserved 1120256K
  class space    used 9454K, capacity 9736K, committed 10700K, reserved 1048576K
}
Event: 165995.161 GC heap after
{Heap after GC invocations=770 (full 93):
 garbage-first heap   total 262144K, used 55292K [0x0000000740000000, 0x0000000800000000)
  region size 1024K, 1 young (1024K), 1 survivors (1024K)
 Metaspace       used 77523K, capacity 78216K, committed 81016K, reserved 1120256K
  class space    used 9454K, capacity 9736K, committed 10700K, reserved 1048576K
}
Event: 166341.366 GC heap before
{Heap before GC invocations=770 (full 93):
 garbage-first heap   total 262144K, used 115708K [0x0000000740000000, 0x0000000800000000)
  region size 1024K, 60 young (61440K), 1 survivors (1024K)
 Metaspace       used 77523K, capacity 78216K, committed 81016K, reserved 1120256K
  class space    used 9454K, capacity 9736K, committed 10700K, reserved 1048576K
}
Event: 166341.368 GC heap after
{Heap after GC invocations=771 (full 93):
 garbage-first heap   total 262144K, used 55385K [0x0000000740000000, 0x0000000800000000)
  region size 1024K, 1 young (1024K), 1 survivors (1024K)
 Metaspace       used 77523K, capacity 78216K, committed 81016K, reserved 1120256K
  class space    used 9454K, capacity 9736K, committed 10700K, reserved 1048576K
}
Event: 166690.654 GC heap before
{Heap before GC invocations=771 (full 93):
 garbage-first heap   total 262144K, used 115801K [0x0000000740000000, 0x0000000800000000)
  region size 1024K, 60 young (61440K), 1 survivors (1024K)
 Metaspace       used 77523K, capacity 78216K, committed 81016K, reserved 1120256K
  class space    used 9454K, capacity 9736K, committed 10700K, reserved 1048576K
}
Event: 166690.656 GC heap after
{Heap after GC invocations=772 (full 93):
 garbage-first heap   total 262144K, used 55472K [0x0000000740000000, 0x0000000800000000)
  region size 1024K, 1 young (1024K), 1 survivors (1024K)
 Metaspace       used 77523K, capacity 78216K, committed 81016K, reserved 1120256K
  class space    used 9454K, capacity 9736K, committed 10700K, reserved 1048576K
}
Event: 167037.914 GC heap before
{Heap before GC invocations=772 (full 93):
 garbage-first heap   total 262144K, used 115888K [0x0000000740000000, 0x0000000800000000)
  region size 1024K, 60 young (61440K), 1 survivors (1024K)
 Metaspace       used 77523K, capacity 78216K, committed 81016K, reserved 1120256K
  class space    used 9454K, capacity 9736K, committed 10700K, reserved 1048576K
}
Event: 167037.916 GC heap after
{Heap after GC invocations=773 (full 93):
 garbage-first heap   total 262144K, used 55477K [0x0000000740000000, 0x0000000800000000)
  region size 1024K, 1 young (1024K), 1 survivors (1024K)
 Metaspace       used 77523K, capacity 78216K, committed 81016K, reserved 1120256K
  class space    used 9454K, capacity 9736K, committed 10700K, reserved 1048576K
}
Event: 167386.192 GC heap before
{Heap before GC invocations=773 (full 93):
 garbage-first heap   total 262144K, used 115893K [0x0000000740000000, 0x0000000800000000)
  region size 1024K, 60 young (61440K), 1 survivors (1024K)
 Metaspace       used 77523K, capacity 78216K, committed 81016K, reserved 1120256K
  class space    used 9454K, capacity 9736K, committed 10700K, reserved 1048576K
}
Event: 167386.194 GC heap after
{Heap after GC invocations=774 (full 93):
 garbage-first heap   total 262144K, used 55475K [0x0000000740000000, 0x0000000800000000)
  region size 1024K, 1 young (1024K), 1 survivors (1024K)
 Metaspace       used 77523K, capacity 78216K, committed 81016K, reserved 1120256K
  class space    used 9454K, capacity 9736K, committed 10700K, reserved 1048576K
}
Event: 167445.993 GC heap before
{Heap before GC invocations=774 (full 93):
 garbage-first heap   total 262144K, used 65715K [0x0000000740000000, 0x0000000800000000)
  region size 1024K, 12 young (12288K), 1 survivors (1024K)
 Metaspace       used 77523K, capacity 78216K, committed 81016K, reserved 1120256K
  class space    used 9454K, capacity 9736K, committed 10700K, reserved 1048576K
}
Event: 167446.028 GC heap after
{Heap after GC invocations=775 (full 94):
 garbage-first heap   total 262144K, used 54440K [0x0000000740000000, 0x0000000800000000)
  region size 1024K, 0 young (0K), 0 survivors (0K)
 Metaspace       used 77523K, capacity 78216K, committed 81016K, reserved 1120256K
  class space    used 9454K, capacity 9736K, committed 10700K, reserved 1048576K
}

